This file contains any messages produced by compilers while
running configure, to aid debugging if configure makes a mistake.

It was created by configure, which was
generated by GNU Autoconf 2.59.  Invocation command line was

  $ ./configure 

## --------- ##
## Platform. ##
## --------- ##

hostname = rh-davinci
uname -m = i686
uname -r = 2.4.20-8
uname -s = Linux
uname -v = #1 Thu Mar 13 17:54:28 EST 2003

/usr/bin/uname -p = unknown
/bin/uname -X     = unknown

/bin/arch              = i686
/usr/bin/arch -k       = unknown
/usr/convex/getsysinfo = unknown
hostinfo               = unknown
/bin/machine           = unknown
/usr/bin/oslevel       = unknown
/bin/universe          = unknown

PATH: /opt/hikvision/montavista/pro/bin
PATH: /opt/hikvision/montavista/pro/devkit/arm/v5t_le/bin
PATH: /opt/hikvision/montavista/common/bin
PATH: /usr/local/bin
PATH: /usr/bin
PATH: /bin
PATH: /usr/X11R6/bin
PATH: /home/zhaoyf/bin
PATH: /sbin


## ----------- ##
## Core tests. ##
## ----------- ##

configure:1349: checking for gcc
configure:1365: found /usr/bin/gcc
configure:1375: result: gcc
configure:1619: checking for C compiler version
configure:1622: gcc --version </dev/null >&5
gcc (GCC) 3.2.2 20030222 (Red Hat Linux 3.2.2-5)
Copyright (C) 2002 Free Software Foundation, Inc.
This is free software; see the source for copying conditions.  There is NO
warranty; not even for MERCHANTABILITY or FITNESS FOR A PARTICULAR PURPOSE.

configure:1625: $? = 0
configure:1627: gcc -v </dev/null >&5
Reading specs from /usr/lib/gcc-lib/i386-redhat-linux/3.2.2/specs
Configured with: ../configure --prefix=/usr --mandir=/usr/share/man --infodir=/usr/share/info --enable-shared --enable-threads=posix --disable-checking --with-system-zlib --enable-__cxa_atexit --host=i386-redhat-linux
Thread model: posix
gcc version 3.2.2 20030222 (Red Hat Linux 3.2.2-5)
configure:1630: $? = 0
configure:1632: gcc -V </dev/null >&5
gcc: argument to `-V' is missing
configure:1635: $? = 1
configure:1658: checking for C compiler default output file name
configure:1661: gcc    conftest.c  >&5
configure:1664: $? = 0
configure:1710: result: a.out
configure:1715: checking whether the C compiler works
configure:1721: ./a.out
configure:1724: $? = 0
configure:1741: result: yes
configure:1748: checking whether we are cross compiling
configure:1750: result: no
configure:1753: checking for suffix of executables
configure:1755: gcc -o conftest    conftest.c  >&5
configure:1758: $? = 0
configure:1783: result: 
configure:1789: checking for suffix of object files
configure:1810: gcc -c   conftest.c >&5
configure:1813: $? = 0
configure:1835: result: o
configure:1839: checking whether we are using the GNU C compiler
configure:1863: gcc -c   conftest.c >&5
configure:1869: $? = 0
configure:1872: test -z 			 || test ! -s conftest.err
configure:1875: $? = 0
configure:1878: test -s conftest.o
configure:1881: $? = 0
configure:1894: result: yes
configure:1900: checking whether gcc accepts -g
configure:1921: gcc -c -g  conftest.c >&5
configure:1927: $? = 0
configure:1930: test -z 			 || test ! -s conftest.err
configure:1933: $? = 0
configure:1936: test -s conftest.o
configure:1939: $? = 0
configure:1950: result: yes
configure:1967: checking for gcc option to accept ANSI C
configure:2037: gcc  -c -g -O2  conftest.c >&5
configure:2043: $? = 0
configure:2046: test -z 			 || test ! -s conftest.err
configure:2049: $? = 0
configure:2052: test -s conftest.o
configure:2055: $? = 0
configure:2073: result: none needed
configure:2091: gcc -c -g -O2  conftest.c >&5

## ---------------- ##
## Cache variables. ##
## ---------------- ##

ac_cv_c_compiler_gnu=yes
ac_cv_env_CC_set=
ac_cv_env_CC_value=
ac_cv_env_CFLAGS_set=
ac_cv_env_CFLAGS_value=
ac_cv_env_CPPFLAGS_set=
ac_cv_env_CPPFLAGS_value=
ac_cv_env_CPP_set=
ac_cv_env_CPP_value=
ac_cv_env_LDFLAGS_set=
ac_cv_env_LDFLAGS_value=
ac_cv_env_build_alias_set=
ac_cv_env_build_alias_value=
ac_cv_env_host_alias_set=
ac_cv_env_host_alias_value=
ac_cv_env_target_alias_set=
ac_cv_env_target_alias_value=
ac_cv_exeext=
ac_cv_objext=o
ac_cv_prog_ac_ct_CC=gcc
ac_cv_prog_cc_g=yes
ac_cv_prog_cc_stdc=

## ----------------- ##
## Output variables. ##
## ----------------- ##

CC='gcc'
CFLAGS='-g -O2'
CPP=''
CPPFLAGS=''
DEFS=''
ECHO=''
ECHO_C=''
ECHO_N='-n'
ECHO_T=''
EGREP=''
EXEEXT=''
ID=''
INSTALL_DATA=''
INSTALL_PROGRAM=''
INSTALL_SCRIPT=''
LDFLAGS=''
LIBEVENT=''
LIBOBJS=''
LIBS=''
LIC_DEFINE=''
LIC_INCDIR=''
LIC_LIB=''
LIC_LIBDIR=''
LIC_MAKEFILE_INCLUDE=''
LINUX_KERNELMODE_PLUGIN=''
LTLIBOBJS=''
OBJEXT='o'
PACKAGE_BUGREPORT=''
PACKAGE_NAME=''
PACKAGE_STRING=''
PACKAGE_TARNAME=''
PACKAGE_VERSION=''
PATH_SEPARATOR=':'
PPPD=''
PPPD_H=''
PPPD_INCDIR=''
PPPOE_RELAY=''
PPPOE_SERVER_DEPS=''
RANLIB=''
RDYNAMIC=''
SETSID=''
SHELL='/bin/sh'
TARGETS=''
WRAPPER=''
ac_ct_CC='gcc'
ac_ct_RANLIB=''
bindir='${exec_prefix}/bin'
build_alias=''
datadir='${prefix}/share'
datadir_evaluated=''
exec_prefix='NONE'
host_alias=''
includedir='${prefix}/include'
infodir='${prefix}/info'
libdir='${exec_prefix}/lib'
libexecdir='${exec_prefix}/libexec'
localstatedir='${prefix}/var'
mandir='${prefix}/man'
oldincludedir='/usr/include'
prefix='NONE'
program_transform_name='s,x,x,'
sbindir='${exec_prefix}/sbin'
sharedstatedir='${prefix}/com'
sysconfdir='${prefix}/etc'
target_alias=''

## ----------- ##
## confdefs.h. ##
## ----------- ##

#define PACKAGE_BUGREPORT ""
#define PACKAGE_NAME ""
#define PACKAGE_STRING ""
#define PACKAGE_TARNAME ""
#define PACKAGE_VERSION ""

configure: caught signal 2
configure: exit 1
